This is Ipopt version 3.14.17, running with linear solver MUMPS 5.7.3.

Number of nonzeros in equality constraint Jacobian...:      810
Number of nonzeros in inequality constraint Jacobian.:      345
Number of nonzeros in Lagrangian Hessian.............:     1221

Total number of variables............................:      323
                     variables with only lower bounds:        0
                variables with lower and upper bounds:      290
                     variables with only upper bounds:        0
Total number of equality constraints.................:      197
Total number of inequality constraints...............:      134
        inequality constraints with only lower bounds:       92
   inequality constraints with lower and upper bounds:        0
        inequality constraints with only upper bounds:       42

iter    objective    inf_pr   inf_du lg(mu)  ||d||  lg(rg) alpha_du alpha_pr  ls
   0  7.7999922e-01 2.44e+01 1.00e+00  -1.0 0.00e+00    -  0.00e+00 0.00e+00   0
   1  8.9073378e-01 2.40e+01 1.05e+00  -1.0 1.23e+00    -  1.77e-02 1.58e-02f  1
   2  9.3389423e-01 2.39e+01 1.32e+00  -1.0 7.64e+00    -  6.80e-03 6.25e-03f  1
   3  1.0175363e+00 2.36e+01 2.08e+00  -1.0 8.09e+00    -  8.97e-03 1.22e-02f  1
   4  1.1057349e+00 2.33e+01 2.60e+00  -1.0 1.08e+01    -  1.20e-02 1.30e-02f  1
   5  1.2034857e+00 2.30e+01 5.00e+01  -1.0 1.07e+01    -  3.12e-02 1.46e-02f  1
   6  1.2430355e+00 2.28e+01 1.20e+03  -1.0 9.94e+00    -  5.83e-02 6.00e-03h  1
   7  1.2435647e+00 2.28e+01 4.43e+05  -1.0 7.39e+00    -  2.85e-02 8.06e-05h  1
   8  1.2456958e+00 2.28e+01 1.52e+05  -1.0 1.67e+02    -  1.07e-04 3.17e-04h  1
   9r 1.2456958e+00 2.28e+01 1.00e+03   1.2 0.00e+00   2.0 0.00e+00 4.60e-07R  5
iter    objective    inf_pr   inf_du lg(mu)  ||d||  lg(rg) alpha_du alpha_pr  ls
  10r 1.6308150e+00 1.77e+01 9.99e+02   1.2 1.19e+04    -  8.74e-04 3.05e-04f  1
  11  1.6309075e+00 1.77e+01 6.69e+03  -1.0 2.67e+00    -  7.87e-02 1.50e-05h  1
  12  1.6310119e+00 1.77e+01 8.77e+04  -1.0 2.72e+02    -  2.18e-04 1.65e-05h  1
  13  1.6317128e+00 1.77e+01 8.52e+04  -1.0 6.19e+02    -  1.05e-04 1.10e-04h  1
  14  1.6318367e+00 1.77e+01 1.34e+06  -1.0 3.13e+01    -  2.18e-03 1.94e-05h  1
  15  1.6391713e+00 1.77e+01 2.34e+07  -1.0 3.47e+00    -  3.87e-02 1.12e-03h  1
  16  1.6774166e+00 1.77e+01 2.39e+07  -1.0 5.10e+00    -  4.26e-03 3.35e-03h  1
  17  3.8758592e+00 1.76e+01 2.21e+07  -1.0 7.72e+02    -  5.04e-05 2.82e-03h  1
  18  4.1900347e+00 1.76e+01 2.25e+07  -1.0 4.75e+03    -  7.39e-04 6.60e-05h  1
  19  6.9423168e+00 1.76e+01 2.49e+07  -1.0 4.75e+03    -  4.01e-03 5.78e-04h  1
iter    objective    inf_pr   inf_du lg(mu)  ||d||  lg(rg) alpha_du alpha_pr  ls
  20  1.5241587e+01 1.76e+01 2.38e+07  -1.0 4.75e+03    -  4.35e-05 1.55e-03h  1
  21  1.6280807e+01 1.76e+01 2.38e+07  -1.0 7.82e+03    -  1.38e-04 8.26e-05h  1
  22  1.6901569e+01 1.76e+01 2.50e+07  -1.0 7.84e+03    -  1.65e-03 4.92e-05h  1
  23  2.1863366e+01 1.75e+01 2.47e+07  -1.0 7.83e+03    -  7.26e-05 3.94e-04h  1
  24  2.2081555e+01 1.75e+01 2.53e+07  -1.0 7.83e+03    -  7.72e-04 1.73e-05h  1
  25  4.0434516e+01 1.75e+01 2.77e+07  -1.0 7.84e+03    -  5.01e-03 1.46e-03h  1
  26  1.0796646e+02 1.74e+01 2.56e+07  -1.0 7.82e+03    -  2.43e-03 5.36e-03h  1
  27  1.0889911e+02 1.74e+01 2.92e+07  -1.0 7.78e+03    -  4.95e-03 7.42e-05h  1
  28  1.1959288e+02 1.74e+01 3.16e+07  -1.0 7.78e+03    -  4.02e-03 8.50e-04h  1
  29  1.2802643e+02 1.74e+01 3.11e+07  -1.0 7.77e+03    -  4.42e-05 6.39e-04h  1
iter    objective    inf_pr   inf_du lg(mu)  ||d||  lg(rg) alpha_du alpha_pr  ls
  30  1.5742322e+02 1.74e+01 3.00e+07  -1.0 7.77e+03    -  7.41e-05 1.50e-03h  1
  31  1.7323620e+02 1.74e+01 3.30e+07  -1.0 7.76e+03    -  4.82e-03 8.06e-04h  1
  32  1.7346796e+02 1.74e+01 3.30e+07  -1.0 7.75e+03    -  5.38e-05 1.14e-05h  1
  33  1.7398762e+02 1.74e+01 3.30e+07  -1.0 7.75e+03    -  8.63e-06 1.98e-05h  1
  34  1.9682064e+02 1.73e+01 3.31e+07  -1.0 7.75e+03    -  9.59e-04 8.56e-04h  1
  35  2.2178753e+02 1.73e+01 3.25e+07  -1.0 7.74e+03    -  1.80e-04 9.27e-04h  1
  36  2.8317609e+02 1.73e+01 3.10e+07  -1.0 7.74e+03    -  9.23e-05 1.96e-03h  1
  37  2.8548644e+02 1.73e+01 3.39e+07  -1.0 7.72e+03    -  3.87e-03 7.36e-05h  1
  38  3.1091777e+02 1.73e+01 3.59e+07  -1.0 7.72e+03    -  3.56e-03 8.09e-04h  1
  39  3.7167972e+02 1.72e+01 3.45e+07  -1.0 7.72e+03    -  4.90e-05 1.90e-03h  1
iter    objective    inf_pr   inf_du lg(mu)  ||d||  lg(rg) alpha_du alpha_pr  ls
  40  5.1343209e+02 1.72e+01 3.20e+07  -1.0 1.13e+04    -  1.13e-04 3.32e-03h  1
  41  5.1484417e+02 1.72e+01 3.28e+07  -1.0 1.14e+04    -  1.07e-03 3.29e-05h  1
  42r 5.1484417e+02 1.72e+01 1.00e+03   1.1 0.00e+00    -  0.00e+00 3.39e-07R  4
  43r 5.1808466e+02 1.60e+01 1.01e+03   1.1 1.18e+04    -  2.40e-04 2.07e-04f  1
  44r 5.2007303e+02 1.52e+01 1.09e+03   1.1 9.20e+03    -  5.78e-04 1.61e-04f  1
  45  5.2007101e+02 1.52e+01 2.78e+02  -1.0 4.11e+01    -  3.35e-03 1.55e-05h  1
  46r 5.2007101e+02 1.52e+01 9.99e+02   1.1 0.00e+00    -  0.00e+00 3.44e-07R  4
  47r 5.2012783e+02 1.49e+01 9.99e+02   1.1 4.47e+03    -  4.17e-05 4.58e-05f  1
  48r 5.2027345e+02 1.43e+01 9.99e+02   1.1 4.60e+03    -  3.32e-05 1.24e-04f  1
  49r 5.2030867e+02 1.41e+01 9.99e+02   1.1 3.80e+03    -  2.10e-04 3.39e-05f  1
iter    objective    inf_pr   inf_du lg(mu)  ||d||  lg(rg) alpha_du alpha_pr  ls
  50r 5.2038920e+02 1.40e+01 9.99e+02   1.1 3.46e+03    -  3.70e-04 9.52e-05f  1
  51r 5.2059670e+02 1.40e+01 9.98e+02   1.1 2.84e+03    -  1.42e-04 2.69e-04f  1
  52r 5.2104950e+02 1.40e+01 9.98e+02   1.1 3.36e+03    -  6.42e-04 5.68e-04f  1
  53r 5.2168379e+02 1.21e+01 9.97e+02   1.1 1.79e+03    -  8.06e-06 8.73e-04f  1
  54  5.2203770e+02 1.21e+01 9.04e+02  -1.0 8.16e+02    -  1.77e-03 4.14e-04h  1
  55r 5.2203770e+02 1.21e+01 1.00e+03   1.0 0.00e+00    -  0.00e+00 4.12e-07R  5
  56r 5.2280020e+02 6.88e+00 1.08e+03   1.0 5.52e+03    -  2.51e-04 1.51e-03f  1
  57  5.2126554e+02 6.86e+00 1.49e+00  -1.0 1.64e+02    -  3.64e-03 3.00e-03f  1
  58  5.2095692e+02 6.86e+00 2.62e+02  -1.0 1.65e+02    -  3.45e-02 6.13e-04h  1
  59  5.2114024e+02 6.85e+00 6.01e+03  -1.0 1.07e+03    -  5.47e-03 2.81e-04h  1
iter    objective    inf_pr   inf_du lg(mu)  ||d||  lg(rg) alpha_du alpha_pr  ls
  60  5.2760927e+02 6.84e+00 3.25e+03  -1.0 4.51e+03    -  8.95e-04 1.57e-03h  1
  61  5.2965658e+02 6.84e+00 6.34e+03  -1.0 3.34e+03    -  1.85e-03 6.92e-04h  1
  62  5.3342147e+02 6.83e+00 1.81e+04  -1.0 7.02e+03    -  2.89e-03 5.64e-04h  1
  63  5.3684676e+02 6.83e+00 6.66e+04  -1.0 7.52e+03    -  1.24e-02 4.69e-04h  1
  64  5.3651752e+02 6.83e+00 1.85e+06  -1.0 1.84e+03    -  3.05e-02 1.52e-04h  1
  65  4.9281846e+02 6.71e+00 1.51e+06  -1.0 2.18e+03    -  1.25e-02 1.75e-02f  1
  66  4.9229507e+02 6.71e+00 9.52e+06  -1.0 1.89e+03    -  1.60e-01 2.45e-04f  1
  67  4.9201912e+02 6.70e+00 9.51e+06  -1.0 9.96e+02    -  3.51e-04 3.43e-04h  1
  68  4.8955292e+02 6.69e+00 9.30e+06  -1.0 1.33e+03    -  7.62e-06 1.87e-03f  1
  69  4.6105463e+02 6.58e+00 8.54e+06  -1.0 1.59e+03    -  1.11e-03 1.64e-02f  1
iter    objective    inf_pr   inf_du lg(mu)  ||d||  lg(rg) alpha_du alpha_pr  ls
  70  4.6039900e+02 6.58e+00 9.62e+06  -1.0 1.24e+03    -  3.53e-02 4.96e-04f  1
  71  4.3243301e+02 6.32e+00 8.12e+06  -1.0 9.11e+02    -  2.85e-04 3.78e-02f  1
  72  4.7233921e+02 6.17e+00 7.65e+06  -1.0 1.62e+03    -  5.54e-03 2.38e-02h  1
  73  4.7315982e+02 6.17e+00 7.64e+06  -1.0 1.58e+03    -  3.83e-04 4.58e-04h  1
  74  4.7437807e+02 6.17e+00 7.67e+06  -1.0 1.58e+03    -  6.74e-03 6.66e-04h  1
  75  4.8689328e+02 6.13e+00 7.60e+06  -1.0 1.58e+03    -  1.57e-03 6.31e-03h  1
  76  4.9162135e+02 6.11e+00 7.60e+06  -1.0 1.57e+03    -  8.01e-03 2.04e-03h  1
  77  4.9356968e+02 6.11e+00 7.61e+06  -1.0 1.56e+03    -  8.56e-03 7.90e-04h  1
  78  4.9900029e+02 6.09e+00 7.60e+06  -1.0 1.56e+03    -  2.09e-02 2.30e-03h  1
  79  5.1377490e+02 6.06e+00 7.56e+06  -1.0 1.56e+03    -  2.53e-04 5.45e-03h  1
iter    objective    inf_pr   inf_du lg(mu)  ||d||  lg(rg) alpha_du alpha_pr  ls
  80  5.3217784e+02 6.03e+00 7.53e+06  -1.0 1.83e+03    -  2.31e-03 4.28e-03h  1
  81  5.4367466e+02 6.02e+00 7.50e+06  -1.0 1.71e+03    -  6.05e-03 2.79e-03h  1
  82  5.4990332e+02 6.01e+00 7.47e+06  -1.0 1.67e+03    -  8.34e-03 1.52e-03h  1
  83  8.0170229e+02 5.69e+00 7.22e+06  -1.0 1.68e+03    -  2.38e-04 5.24e-02h  1
  84  8.5497232e+02 5.64e+00 7.16e+06  -1.0 1.74e+03    -  8.73e-03 9.84e-03h  1
  85  8.8088216e+02 5.61e+00 7.14e+06  -1.0 2.07e+03    -  3.85e-03 4.37e-03h  1
  86  8.8335544e+02 5.61e+00 7.09e+06  -1.0 2.09e+03    -  3.43e-03 4.14e-04h  1
  87  9.6207328e+02 5.53e+00 7.19e+06  -1.0 2.14e+03    -  3.64e-04 1.30e-02h  1
  88  9.6632805e+02 5.53e+00 7.15e+06  -1.0 2.17e+03    -  2.59e-03 6.86e-04h  1
  89  9.7064355e+02 5.53e+00 7.15e+06  -1.0 2.17e+03    -  5.30e-04 6.86e-04h  1
iter    objective    inf_pr   inf_du lg(mu)  ||d||  lg(rg) alpha_du alpha_pr  ls
  90  1.0661870e+03 5.44e+00 7.28e+06  -1.0 2.17e+03    -  8.64e-04 1.51e-02h  1
  91  1.0672514e+03 5.44e+00 7.15e+06  -1.0 2.12e+03    -  7.34e-03 1.57e-04h  1
  92  1.0723190e+03 5.44e+00 7.07e+06  -1.0 1.39e+03    -  4.81e-03 8.28e-04h  1
  93  1.1232648e+03 5.39e+00 7.11e+06  -1.0 1.39e+03    -  3.15e-03 8.60e-03h  1
  94  1.2509680e+03 5.31e+00 7.27e+06  -1.0 2.39e+03    -  6.87e-04 1.56e-02h  1
  95  1.2522589e+03 5.31e+00 6.79e+06  -1.0 2.50e+03    -  2.51e-02 1.56e-04h  1
  96  1.3424967e+03 5.25e+00 6.92e+06  -1.0 2.66e+03    -  1.07e-04 1.08e-02h  1
  97  1.3438639e+03 5.25e+00 6.32e+06  -1.0 2.66e+03    -  3.12e-02 1.64e-04h  1
  98  1.3610512e+03 5.24e+00 6.32e+06  -1.0 2.62e+03    -  1.17e-03 2.08e-03h  1
  99  1.3614051e+03 5.24e+00 6.32e+06  -1.0 1.74e+03    -  1.87e-05 4.72e-05h  1
iter    objective    inf_pr   inf_du lg(mu)  ||d||  lg(rg) alpha_du alpha_pr  ls
 100  1.3619586e+03 5.24e+00 4.02e+06  -1.0 1.34e+03    -  4.71e-02 8.09e-05h  1
 101  1.4018316e+03 5.21e+00 4.32e+06  -1.0 1.34e+03    -  1.43e-04 5.95e-03h  1
 102  1.4026634e+03 5.20e+00 4.12e+06  -1.0 1.33e+03    -  3.83e-03 1.24e-04h  1
 103  1.4162551e+03 5.19e+00 4.22e+06  -1.0 1.33e+03    -  2.09e-05 2.01e-03h  1
 104  1.4699488e+03 5.15e+00 4.57e+06  -1.0 1.33e+03    -  1.62e-04 8.06e-03h  1
 105  1.4705863e+03 5.15e+00 4.41e+06  -1.0 1.32e+03    -  3.24e-03 9.60e-05h  1
 106  1.5178037e+03 5.12e+00 4.72e+06  -1.0 1.32e+03    -  3.52e-04 7.10e-03h  1
 107  1.5287457e+03 5.11e+00 4.63e+06  -1.0 1.31e+03    -  3.18e-03 1.65e-03h  1
 108  1.5297351e+03 5.11e+00 4.63e+06  -1.0 1.31e+03    -  2.34e-04 1.48e-04h  1
 109  1.5403117e+03 5.10e+00 4.43e+06  -1.0 1.31e+03    -  5.26e-03 1.58e-03h  1
iter    objective    inf_pr   inf_du lg(mu)  ||d||  lg(rg) alpha_du alpha_pr  ls
 110  1.5568987e+03 5.09e+00 4.50e+06  -1.0 1.30e+03    -  4.42e-04 2.13e-03h  1
 111  1.6095082e+03 5.08e+00 4.52e+06  -1.0 4.52e+04    -  6.71e-05 1.02e-03h  1
 112  1.6150031e+03 5.08e+00 4.13e+06  -1.0 4.62e+04    -  1.99e-02 1.04e-04h  1
 113  2.5567165e+03 4.99e+00 4.40e+06  -1.0 4.51e+04    -  2.03e-04 1.80e-02h  1
 114  2.5670785e+03 4.99e+00 4.37e+06  -1.0 4.22e+04    -  1.63e-03 1.79e-04h  1
 115r 2.5670785e+03 4.99e+00 1.00e+03   0.7 0.00e+00    -  0.00e+00 4.99e-07R  5
 116r 2.5891942e+03 1.17e+00 1.01e+03   0.7 1.25e+04    -  5.66e-04 1.31e-03f  1
 117  2.5864627e+03 1.17e+00 3.47e+01  -1.0 8.85e+02    -  3.22e-05 1.13e-03f  1
 118  2.4252441e+03 1.10e+00 2.28e+02  -1.0 8.88e+02    -  1.09e-03 6.30e-02f  1
 119  2.4252442e+03 1.02e+00 2.16e+02  -1.0 4.34e-01   1.5 1.13e-02 6.80e-02f  1
iter    objective    inf_pr   inf_du lg(mu)  ||d||  lg(rg) alpha_du alpha_pr  ls
 120  2.4251808e+03 8.62e-01 1.86e+02  -1.0 9.58e-01   1.0 1.05e-01 1.55e-01f  1
 121  2.4251586e+03 8.54e-01 1.72e+02  -1.0 2.13e+00   0.6 1.55e-01 9.38e-03h  1
 122  1.7392087e+03 6.70e-01 1.17e+02  -1.0 1.11e+03    -  4.88e-01 2.12e-01f  1
 123  1.7304587e+03 6.67e-01 1.16e+02  -1.0 6.84e+02    -  9.60e-03 4.40e-03f  1
 124  5.1490766e+02 2.43e-01 4.02e+01  -1.0 6.80e+02    -  7.14e-01 6.16e-01f  1
 125  1.9036874e+01 2.93e-02 2.84e+01  -1.0 1.81e+02    -  5.20e-01 9.42e-01f  1
 126  1.3306674e+01 1.77e-02 1.90e+02  -1.0 3.93e+00    -  6.80e-01 5.02e-01f  1
 127  8.3192826e+00 5.54e-03 1.37e+03  -1.0 1.90e+00    -  1.87e-01 9.04e-01h  1
 128  8.0667310e+00 3.40e-03 2.11e+03  -1.0 2.19e-01    -  9.90e-01 5.29e-01h  1
 129  7.9032154e+00 4.72e-04 4.91e+02  -1.0 9.29e-02    -  9.90e-01 8.12e-01h  1
iter    objective    inf_pr   inf_du lg(mu)  ||d||  lg(rg) alpha_du alpha_pr  ls
 130  7.9108832e+00 1.82e-04 7.03e+02  -1.0 3.32e-02    -  9.91e-01 7.65e-01h  1
 131  7.9123236e+00 1.75e-04 5.08e+03  -1.0 3.67e-02    -  1.00e+00 1.55e-02f  6
 132  7.9982574e+00 1.34e-04 1.99e+03  -1.0 4.12e-02    -  1.00e+00 6.50e-01h  1
 133  8.2015132e+00 9.77e-05 6.48e+03  -1.0 1.09e-01    -  1.00e+00 6.46e-01h  1
 134  8.2167259e+00 9.60e-05 7.47e+03  -1.0 1.49e+00    -  1.00e+00 7.81e-03f  8
 135  1.0409642e+01 3.87e-05 2.84e+01  -1.0 1.67e+00    -  1.00e+00 1.00e+00h  1
 136  1.0968709e+01 3.49e-05 1.54e+03  -1.0 4.82e-01    -  1.00e+00 7.61e-01h  1
 137  1.1016962e+01 3.36e-05 5.98e+03  -1.0 1.37e+00    -  1.00e+00 3.12e-02f  6
 138  1.2187564e+01 3.04e-05 1.70e+01  -1.0 8.53e-01    -  1.00e+00 1.00e+00h  1
 139  6.9542339e+00 3.11e-05 1.64e+03  -1.7 1.75e-01    -  1.00e+00 7.99e-01f  1
iter    objective    inf_pr   inf_du lg(mu)  ||d||  lg(rg) alpha_du alpha_pr  ls
 140  6.6348570e+00 3.11e-05 6.32e+03  -1.7 9.65e-02    -  1.00e+00 2.50e-01f  3
 141  5.6776889e+00 3.11e-05 1.89e+00  -1.7 8.05e-02    -  1.00e+00 1.00e+00h  1
 142  4.4942129e+00 3.12e-05 2.32e+03  -2.5 2.33e-02    -  1.00e+00 8.28e-01f  1
 143  4.3775415e+00 3.12e-05 6.76e+03  -2.5 4.05e-02    -  1.00e+00 5.00e-01f  2
 144  4.2824000e+00 3.11e-05 6.63e-01  -2.5 3.58e-02    -  1.00e+00 1.00e+00h  1
 145  4.2216362e+00 3.07e-05 1.00e+04  -3.8 5.85e-02    -  3.11e-01 6.74e-01f  1
 146  8.3598223e+00 2.35e-05 2.55e+04  -3.8 3.73e+00    -  4.74e-02 8.85e-01h  1
 147  1.2894927e+01 1.75e-05 2.67e+04  -3.8 4.74e+00    -  3.16e-01 1.00e+00h  1
 148  1.4249098e+01 1.56e-05 3.19e+04  -3.8 3.83e+00    -  1.82e-01 1.00e+00h  1
 149  1.6149467e+01 1.42e-05 1.78e+04  -3.8 4.46e+00    -  5.20e-01 1.00e+00h  1
iter    objective    inf_pr   inf_du lg(mu)  ||d||  lg(rg) alpha_du alpha_pr  ls
 150  1.6208686e+01 9.33e-06 3.60e+03  -3.8 3.02e+00    -  8.28e-01 1.00e+00h  1
 151  1.5878096e+01 9.25e-06 6.11e+03  -3.8 1.71e+00    -  4.89e-01 1.00e+00f  1
 152  1.6490222e+01 7.42e-06 3.92e+00  -3.8 1.47e+00    -  1.00e+00 1.00e+00h  1
 153  1.5905096e+01 7.40e-06 1.11e+03  -3.8 7.43e-01    -  8.34e-01 1.00e+00f  1
 154  1.6106194e+01 7.38e-06 3.12e+03  -3.8 1.62e-01    -  5.99e-01 1.00e+00h  1
 155  1.6967882e+01 7.36e-06 9.44e+03  -3.8 5.37e-01    -  3.42e-02 1.00e+00h  1
 156  1.7813402e+01 7.35e-06 1.33e+04  -3.8 1.01e+00    -  1.70e-01 1.00e+00h  1
 157  1.8800649e+01 7.34e-06 1.73e+04  -3.8 1.29e+00    -  1.33e-01 1.00e+00h  1
 158  1.9371031e+01 7.33e-06 1.68e+04  -3.8 1.40e+00    -  2.98e-01 1.00e+00h  1
 159  1.9970404e+01 7.31e-06 1.95e+04  -3.8 1.63e+00    -  1.68e-01 1.00e+00h  1
iter    objective    inf_pr   inf_du lg(mu)  ||d||  lg(rg) alpha_du alpha_pr  ls
 160  2.1041079e+01 7.28e-06 2.13e+04  -3.8 2.19e+00    -  1.84e-01 1.00e+00h  1
 161  2.0949290e+01 7.19e-06 1.68e+04  -3.8 1.69e+00    -  3.96e-01 1.00e+00f  1
 162  2.3197367e+01 6.33e-06 1.79e+04  -3.8 3.28e+00    -  1.32e-01 1.00e+00h  1
 163  2.3150389e+01 6.31e-06 2.17e+04  -3.8 2.37e+00    -  7.85e-02 1.00e+00f  1
 164  2.2546708e+01 6.29e-06 3.30e+02  -3.8 1.32e+00    -  9.88e-01 1.00e+00f  1
 165  2.2554350e+01 6.28e-06 1.59e+03  -3.8 8.57e-01    -  5.57e-01 2.50e-01h  3
 166  2.2862517e+01 6.26e-06 3.68e+02  -3.8 8.83e-01    -  9.09e-01 1.00e+00h  1
 167  2.2481424e+01 6.24e-06 6.47e+02  -3.8 5.65e-01    -  8.92e-01 1.00e+00f  1
 168  2.2826411e+01 6.22e-06 9.29e-02  -3.8 4.01e-01    -  1.00e+00 1.00e+00h  1
 169  2.2871932e+01 6.18e-06 5.25e+03  -5.7 2.06e-01    -  5.77e-01 8.90e-01h  1
iter    objective    inf_pr   inf_du lg(mu)  ||d||  lg(rg) alpha_du alpha_pr  ls
 170  2.2957191e+01 6.15e-06 6.36e+03  -5.7 5.54e-02    -  7.10e-01 1.00e+00h  1
 171  2.3557949e+01 6.12e-06 1.57e+04  -5.7 5.70e-01    -  3.15e-01 1.00e+00h  1
 172  2.3825657e+01 6.10e-06 2.69e+04  -5.7 4.05e-01    -  1.66e-01 1.00e+00h  1
 173  2.4160920e+01 6.09e-06 1.48e+03  -5.7 5.16e-01    -  9.66e-01 1.00e+00h  1
 174  2.3866913e+01 6.08e-06 2.33e-01  -5.7 3.18e-01    -  1.00e+00 1.00e+00f  1
 175  2.3888081e+01 6.07e-06 2.21e-01  -5.7 1.96e-02    -  1.00e+00 1.00e+00h  1
 176  2.3910045e+01 6.06e-06 1.08e+04  -5.7 1.88e-02    -  3.46e-01 1.00e+00h  1
 177  2.4163322e+01 6.06e-06 1.96e-01  -5.7 2.36e-01    -  1.00e+00 1.00e+00h  1
 178  2.4067095e+01 6.06e-06 1.89e-01  -5.7 1.15e-01    -  1.00e+00 1.00e+00f  1
 179  2.4086735e+01 6.05e-06 6.17e+00  -5.7 1.75e-02    -  1.00e+00 1.00e+00h  1
iter    objective    inf_pr   inf_du lg(mu)  ||d||  lg(rg) alpha_du alpha_pr  ls
 180  2.4116079e+01 6.05e-06 1.74e-01  -5.7 1.71e-02    -  1.00e+00 1.00e+00h  1
 181  2.4135271e+01 6.05e-06 1.68e-01  -5.7 1.68e-02    -  1.00e+00 1.00e+00h  1
 182  2.4250574e+01 6.04e-06 1.64e+04  -5.7 9.54e-02    -  1.11e-03 1.00e+00h  1
 183  2.7236338e+01 5.71e-06 2.37e+04  -5.7 2.95e+00    -  2.57e-01 1.00e+00h  1
 184  3.1612910e+01 2.62e-06 2.68e+00  -5.7 5.87e+00    -  1.00e+00 1.00e+00h  1
 185  2.8064631e+01 2.59e-06 2.09e-01  -5.7 3.57e+00    -  1.00e+00 1.00e+00f  1
 186  2.8063358e+01 2.56e-06 2.73e+03  -5.7 2.60e-02    -  6.08e-01 1.00e+00h  1
 187  2.8367938e+01 2.54e-06 2.44e+03  -5.7 2.25e-01    -  7.46e-01 1.00e+00h  1
 188  2.8416442e+01 2.51e-06 6.37e+03  -5.7 1.47e-01    -  3.11e-01 1.00e+00h  1
 189  2.8466334e+01 2.48e-06 7.03e+02  -5.7 1.25e-01    -  9.46e-01 1.00e+00h  1
iter    objective    inf_pr   inf_du lg(mu)  ||d||  lg(rg) alpha_du alpha_pr  ls
 190  2.8450788e+01 2.46e-06 1.94e+03  -5.7 6.91e-02    -  7.36e-01 1.00e+00f  1
 191  2.8476472e+01 2.43e-06 1.13e-01  -5.7 1.33e-02    -  1.00e+00 1.00e+00h  1
 192  2.8492704e+01 2.41e-06 1.09e-01  -5.7 1.16e-02    -  1.00e+00 1.00e+00h  1
 193  2.8507223e+01 2.38e-06 1.04e-01  -5.7 1.14e-02    -  1.00e+00 1.00e+00h  1
 194  2.8521570e+01 2.36e-06 1.01e-01  -5.7 1.12e-02    -  1.00e+00 1.00e+00h  1
 195  2.8535836e+01 2.33e-06 9.70e-02  -5.7 1.11e-02    -  1.00e+00 1.00e+00h  1
 196  2.8550016e+01 2.31e-06 9.44e-02  -5.7 1.09e-02    -  1.00e+00 1.00e+00h  1
 197  2.8564106e+01 2.29e-06 9.20e-02  -5.7 1.08e-02    -  1.00e+00 1.00e+00h  1
 198  2.8578105e+01 2.27e-06 8.96e-02  -5.7 1.06e-02    -  1.00e+00 1.00e+00h  1
 199  2.8592011e+01 2.24e-06 8.73e-02  -5.7 1.05e-02    -  1.00e+00 1.00e+00h  1
iter    objective    inf_pr   inf_du lg(mu)  ||d||  lg(rg) alpha_du alpha_pr  ls
 200  2.8605823e+01 2.22e-06 8.51e-02  -5.7 1.03e-02    -  1.00e+00 1.00e+00h  1
 201  2.8619539e+01 2.20e-06 8.29e-02  -5.7 1.02e-02    -  1.00e+00 1.00e+00h  1
 202  2.8633159e+01 2.18e-06 8.08e-02  -5.7 1.00e-02    -  1.00e+00 1.00e+00h  1
 203  2.8646682e+01 2.16e-06 7.87e-02  -5.7 9.90e-03    -  1.00e+00 1.00e+00h  1
 204  2.8660107e+01 2.14e-06 7.67e-02  -5.7 9.76e-03    -  1.00e+00 1.00e+00h  1
 205  2.8673433e+01 2.12e-06 7.48e-02  -5.7 9.63e-03    -  1.00e+00 1.00e+00h  1
 206  2.8686660e+01 2.11e-06 7.30e-02  -5.7 9.50e-03    -  1.00e+00 1.00e+00h  1
 207  2.8699789e+01 2.09e-06 7.12e-02  -5.7 9.37e-03    -  1.00e+00 1.00e+00h  1
 208  2.8712818e+01 2.07e-06 6.94e-02  -5.7 9.25e-03    -  1.00e+00 1.00e+00h  1
 209  2.8725747e+01 2.05e-06 6.78e-02  -5.7 9.13e-03    -  1.00e+00 1.00e+00h  1
iter    objective    inf_pr   inf_du lg(mu)  ||d||  lg(rg) alpha_du alpha_pr  ls
 210  2.8738578e+01 2.03e-06 6.61e-02  -5.7 9.01e-03    -  1.00e+00 1.00e+00h  1
 211  2.8751309e+01 2.02e-06 6.46e-02  -5.7 8.89e-03    -  1.00e+00 1.00e+00h  1
 212  2.8763941e+01 2.00e-06 6.30e-02  -5.7 8.78e-03    -  1.00e+00 1.00e+00h  1
 213  2.8776476e+01 1.98e-06 6.16e-02  -5.7 8.66e-03    -  1.00e+00 1.00e+00h  1
 214  2.8788915e+01 1.97e-06 6.01e-02  -5.7 8.55e-03    -  1.00e+00 1.00e+00h  1
 215  2.8801262e+01 1.95e-06 5.88e-02  -5.7 8.45e-03    -  1.00e+00 1.00e+00h  1
 216  2.8813529e+01 1.94e-06 5.74e-02  -5.7 8.34e-03    -  1.00e+00 1.00e+00h  1
 217  2.8825765e+01 1.92e-06 5.61e-02  -5.7 8.24e-03    -  1.00e+00 1.00e+00h  1
 218  2.8838659e+01 1.91e-06 3.10e+03  -5.7 8.14e-03    -  4.01e-01 1.00e+00h  1
 219  2.8854414e+01 1.89e-06 5.34e-02  -5.7 8.06e-03    -  1.00e+00 1.00e+00h  1
iter    objective    inf_pr   inf_du lg(mu)  ||d||  lg(rg) alpha_du alpha_pr  ls
 220  2.8864483e+01 1.88e-06 5.23e-02  -5.7 7.95e-03    -  1.00e+00 1.00e+00h  1
 221  2.8876367e+01 1.87e-06 5.11e-02  -5.7 7.86e-03    -  1.00e+00 1.00e+00h  1
 222  2.8888204e+01 1.85e-06 5.00e-02  -5.7 7.76e-03    -  1.00e+00 1.00e+00h  1
 223  2.8899833e+01 1.84e-06 4.90e-02  -5.7 7.67e-03    -  1.00e+00 1.00e+00h  1
 224  2.8911368e+01 1.83e-06 4.79e-02  -5.7 7.58e-03    -  1.00e+00 1.00e+00h  1
 225  2.8922810e+01 1.81e-06 4.69e-02  -5.7 7.49e-03    -  1.00e+00 1.00e+00h  1
 226  2.8934159e+01 1.80e-06 4.59e-02  -5.7 7.40e-03    -  1.00e+00 1.00e+00h  1
 227  2.8945415e+01 1.79e-06 4.50e-02  -5.7 7.31e-03    -  1.00e+00 1.00e+00h  1
 228  2.8956580e+01 1.78e-06 4.40e-02  -5.7 7.23e-03    -  1.00e+00 1.00e+00h  1
 229  2.8967656e+01 1.76e-06 4.31e-02  -5.7 7.14e-03    -  1.00e+00 1.00e+00h  1
iter    objective    inf_pr   inf_du lg(mu)  ||d||  lg(rg) alpha_du alpha_pr  ls
 230  2.8978642e+01 1.75e-06 4.23e-02  -5.7 7.06e-03    -  1.00e+00 1.00e+00h  1
 231  2.8989543e+01 1.74e-06 4.14e-02  -5.7 6.98e-03    -  1.00e+00 1.00e+00h  1
 232  2.9000364e+01 1.73e-06 4.06e-02  -5.7 6.90e-03    -  1.00e+00 1.00e+00h  1
 233  2.9011121e+01 1.72e-06 3.98e-02  -5.7 6.82e-03    -  1.00e+00 1.00e+00h  1
 234  2.9021890e+01 1.71e-06 3.90e-02  -5.7 6.74e-03    -  1.00e+00 1.00e+00h  1
 235  2.9034784e+01 1.69e-06 3.77e+03  -5.7 6.66e-03    -  1.79e-01 1.00e+00h  1
 236  3.0636051e+01 1.64e-06 9.27e-02  -5.7 1.60e+00    -  1.00e+00 1.00e+00h  1
 237  2.9862791e+01 1.62e-06 6.00e-02  -5.7 7.78e-01    -  1.00e+00 1.00e+00f  1
 238  2.9873299e+01 1.60e-06 6.57e-01  -5.7 5.59e-03    -  1.00e+00 1.00e+00h  1
 239  2.9912883e+01 1.58e-06 5.66e-02  -5.7 3.50e-02    -  1.00e+00 1.00e+00h  1
iter    objective    inf_pr   inf_du lg(mu)  ||d||  lg(rg) alpha_du alpha_pr  ls
 240  2.9921290e+01 1.57e-06 5.46e-02  -5.7 3.90e-03    -  1.00e+00 1.00e+00h  1
 241  2.9929721e+01 1.55e-06 5.26e-02  -5.7 4.02e-03    -  1.00e+00 1.00e+00h  1
 242  2.9937952e+01 1.54e-06 5.07e-02  -5.7 3.92e-03    -  1.00e+00 1.00e+00h  1
 243  2.9945996e+01 1.52e-06 4.89e-02  -5.7 3.82e-03    -  1.00e+00 1.00e+00h  1
 244  2.9953861e+01 1.51e-06 4.72e-02  -5.7 3.73e-03    -  1.00e+00 1.00e+00h  1
 245  2.9961552e+01 1.49e-06 4.56e-02  -5.7 3.65e-03    -  1.00e+00 1.00e+00h  1
 246  2.9969074e+01 1.48e-06 4.41e-02  -5.7 3.56e-03    -  1.00e+00 1.00e+00h  1
 247  2.9976433e+01 1.47e-06 4.26e-02  -5.7 3.48e-03    -  1.00e+00 1.00e+00h  1
 248  2.9983634e+01 1.46e-06 4.12e-02  -5.7 3.40e-03    -  1.00e+00 1.00e+00h  1
 249  2.9990681e+01 1.44e-06 3.99e-02  -5.7 3.33e-03    -  1.00e+00 1.00e+00h  1
iter    objective    inf_pr   inf_du lg(mu)  ||d||  lg(rg) alpha_du alpha_pr  ls
 250  2.9997579e+01 1.43e-06 3.86e-02  -5.7 3.25e-03    -  1.00e+00 1.00e+00h  1
 251  3.0004333e+01 1.42e-06 3.74e-02  -5.7 3.18e-03    -  1.00e+00 1.00e+00h  1
 252  3.0010948e+01 1.41e-06 3.62e-02  -5.7 3.11e-03    -  1.00e+00 1.00e+00h  1
 253  3.0017426e+01 1.40e-06 3.51e-02  -5.7 3.04e-03    -  1.00e+00 1.00e+00h  1
 254  3.0023772e+01 1.39e-06 3.40e-02  -5.7 2.98e-03    -  1.00e+00 1.00e+00h  1
 255  3.0029989e+01 1.38e-06 3.30e-02  -5.7 2.91e-03    -  1.00e+00 1.00e+00h  1
 256  3.0036082e+01 1.37e-06 3.20e-02  -5.7 2.85e-03    -  1.00e+00 1.00e+00h  1
 257  3.0042055e+01 1.36e-06 3.10e-02  -5.7 2.79e-03    -  1.00e+00 1.00e+00h  1
 258  3.0047909e+01 1.35e-06 3.01e-02  -5.7 2.73e-03    -  1.00e+00 1.00e+00h  1
 259  3.0053649e+01 1.34e-06 2.92e-02  -5.7 2.68e-03    -  1.00e+00 1.00e+00h  1
iter    objective    inf_pr   inf_du lg(mu)  ||d||  lg(rg) alpha_du alpha_pr  ls
 260  3.0059277e+01 1.33e-06 2.84e-02  -5.7 2.62e-03    -  1.00e+00 1.00e+00h  1
 261  3.0064797e+01 1.32e-06 2.76e-02  -5.7 2.57e-03    -  1.00e+00 1.00e+00h  1
 262  3.0070212e+01 1.31e-06 2.68e-02  -5.7 2.52e-03    -  1.00e+00 1.00e+00h  1
 263  3.0075523e+01 1.30e-06 2.61e-02  -5.7 2.47e-03    -  1.00e+00 1.00e+00h  1
 264  3.0080735e+01 1.29e-06 2.53e-02  -5.7 2.42e-03    -  1.00e+00 1.00e+00h  1
 265  3.0085850e+01 1.29e-06 2.46e-02  -5.7 2.37e-03    -  1.00e+00 1.00e+00h  1
 266  3.0090870e+01 1.28e-06 2.40e-02  -5.7 2.32e-03    -  1.00e+00 1.00e+00h  1
 267  3.0095797e+01 1.27e-06 2.33e-02  -5.7 2.28e-03    -  1.00e+00 1.00e+00h  1
 268  3.0100635e+01 1.26e-06 2.27e-02  -5.7 2.23e-03    -  1.00e+00 1.00e+00h  1
 269  3.0105384e+01 1.26e-06 2.21e-02  -5.7 2.19e-03    -  1.00e+00 1.00e+00h  1
iter    objective    inf_pr   inf_du lg(mu)  ||d||  lg(rg) alpha_du alpha_pr  ls
 270  3.0110048e+01 1.25e-06 2.15e-02  -5.7 2.15e-03    -  1.00e+00 1.00e+00h  1
 271  3.0114629e+01 1.24e-06 2.10e-02  -5.7 2.11e-03    -  1.00e+00 1.00e+00h  1
 272  3.0119129e+01 1.23e-06 2.05e-02  -5.7 2.07e-03    -  1.00e+00 1.00e+00h  1
 273  3.0123549e+01 1.23e-06 1.99e-02  -5.7 2.03e-03    -  1.00e+00 1.00e+00h  1
 274  3.0127891e+01 1.22e-06 1.94e-02  -5.7 1.99e-03    -  1.00e+00 1.00e+00h  1
 275  3.0132159e+01 1.21e-06 1.89e-02  -5.7 1.95e-03    -  1.00e+00 1.00e+00h  1
 276  3.0136352e+01 1.21e-06 1.85e-02  -5.7 1.92e-03    -  1.00e+00 1.00e+00h  1
 277  3.0140474e+01 1.20e-06 1.80e-02  -5.7 1.88e-03    -  1.00e+00 1.00e+00h  1
 278  3.0144526e+01 1.20e-06 1.76e-02  -5.7 1.85e-03    -  1.00e+00 1.00e+00h  1
 279  3.0148509e+01 1.19e-06 1.72e-02  -5.7 1.81e-03    -  1.00e+00 1.00e+00h  1
iter    objective    inf_pr   inf_du lg(mu)  ||d||  lg(rg) alpha_du alpha_pr  ls
 280  3.0152425e+01 1.18e-06 1.68e-02  -5.7 1.78e-03    -  1.00e+00 1.00e+00h  1
 281  3.0156277e+01 1.18e-06 1.64e-02  -5.7 1.75e-03    -  1.00e+00 1.00e+00h  1
 282  3.0160065e+01 1.17e-06 1.60e-02  -5.7 1.72e-03    -  1.00e+00 1.00e+00h  1
 283  3.0163790e+01 1.17e-06 1.56e-02  -5.7 1.69e-03    -  1.00e+00 1.00e+00h  1
 284  3.0167456e+01 1.16e-06 1.52e-02  -5.7 1.66e-03    -  1.00e+00 1.00e+00h  1
 285  3.0171063e+01 1.16e-06 1.49e-02  -5.7 1.63e-03    -  1.00e+00 1.00e+00h  1
 286  3.0174614e+01 1.15e-06 1.46e-02  -5.7 1.60e-03    -  1.00e+00 1.00e+00h  1
 287  3.0178110e+01 1.15e-06 1.42e-02  -5.7 1.57e-03    -  1.00e+00 1.00e+00h  1
 288  3.0181555e+01 1.14e-06 1.39e-02  -5.7 1.55e-03    -  1.00e+00 1.00e+00h  1
 289  3.0184953e+01 1.14e-06 1.36e-02  -5.7 1.52e-03    -  1.00e+00 1.00e+00h  1
iter    objective    inf_pr   inf_du lg(mu)  ||d||  lg(rg) alpha_du alpha_pr  ls
 290  3.0188312e+01 1.13e-06 1.33e-02  -5.7 1.49e-03    -  1.00e+00 1.00e+00h  1
 291  3.0191654e+01 1.13e-06 1.30e-02  -5.7 1.47e-03    -  1.00e+00 1.00e+00h  1
 292  3.0195055e+01 1.13e-06 1.27e-02  -5.7 1.44e-03    -  1.00e+00 1.00e+00h  1
 293  3.0199125e+01 1.12e-06 1.00e+03  -5.7 1.42e-03    -  6.71e-01 1.00e+00h  1
 294  3.0222062e+01 1.12e-06 1.21e-02  -5.7 1.99e-02    -  1.00e+00 1.00e+00h  1
 295  3.0215047e+01 1.11e-06 1.19e-02  -5.7 1.01e-02    -  1.00e+00 1.00e+00f  1
 296  3.0218197e+01 1.11e-06 1.17e-02  -5.7 1.34e-03    -  1.00e+00 1.00e+00h  1
 297  3.0222901e+01 1.10e-06 1.14e-02  -5.7 1.76e-03    -  1.00e+00 1.00e+00h  1
 298  3.0225858e+01 1.10e-06 1.12e-02  -5.7 1.30e-03    -  1.00e+00 1.00e+00h  1
 299  3.0228713e+01 1.10e-06 1.09e-02  -5.7 1.28e-03    -  1.00e+00 1.00e+00h  1
iter    objective    inf_pr   inf_du lg(mu)  ||d||  lg(rg) alpha_du alpha_pr  ls
 300  3.0231530e+01 1.09e-06 1.07e-02  -5.7 1.26e-03    -  1.00e+00 1.00e+00h  1
 301  3.0234305e+01 1.09e-06 1.05e-02  -5.7 1.24e-03    -  1.00e+00 1.00e+00h  1
 302  3.0237039e+01 1.09e-06 1.03e-02  -5.7 1.22e-03    -  1.00e+00 1.00e+00h  1
 303  3.0239732e+01 1.08e-06 1.01e-02  -5.7 1.20e-03    -  1.00e+00 1.00e+00h  1
 304  3.0242387e+01 1.08e-06 9.87e-03  -5.7 1.18e-03    -  1.00e+00 1.00e+00h  1
 305  3.0245003e+01 1.07e-06 9.67e-03  -5.7 1.16e-03    -  1.00e+00 1.00e+00h  1
 306  3.0247581e+01 1.07e-06 9.48e-03  -5.7 1.14e-03    -  1.00e+00 1.00e+00h  1
 307  3.0250123e+01 1.07e-06 9.30e-03  -5.7 1.12e-03    -  1.00e+00 1.00e+00h  1
 308  3.0252628e+01 1.06e-06 9.11e-03  -5.7 1.11e-03    -  1.00e+00 1.00e+00h  1
 309  3.0255099e+01 1.06e-06 8.94e-03  -5.7 1.09e-03    -  1.00e+00 1.00e+00h  1
iter    objective    inf_pr   inf_du lg(mu)  ||d||  lg(rg) alpha_du alpha_pr  ls
 310  3.0257535e+01 1.06e-06 8.77e-03  -5.7 1.07e-03    -  1.00e+00 1.00e+00h  1
 311  3.0259939e+01 1.06e-06 8.60e-03  -5.7 1.06e-03    -  1.00e+00 1.00e+00h  1
 312  3.0262311e+01 1.05e-06 8.43e-03  -5.7 1.04e-03    -  1.00e+00 1.00e+00h  1
 313  3.0264652e+01 1.05e-06 8.27e-03  -5.7 1.02e-03    -  1.00e+00 1.00e+00h  1
 314  3.0266965e+01 1.05e-06 8.12e-03  -5.7 1.01e-03    -  1.00e+00 1.00e+00h  1
 315  3.0269253e+01 1.04e-06 7.97e-03  -5.7 9.93e-04    -  1.00e+00 1.00e+00h  1
 316  3.0271519e+01 1.04e-06 7.82e-03  -5.7 9.78e-04    -  1.00e+00 1.00e+00h  1
 317  3.0273776e+01 1.04e-06 7.67e-03  -5.7 9.64e-04    -  1.00e+00 1.00e+00h  1
 318  3.0276049e+01 1.03e-06 7.53e-03  -5.7 9.49e-04    -  1.00e+00 1.00e+00h  1
 319  3.0278445e+01 1.03e-06 7.39e-03  -5.7 9.35e-04    -  1.00e+00 1.00e+00h  1
iter    objective    inf_pr   inf_du lg(mu)  ||d||  lg(rg) alpha_du alpha_pr  ls
 320  3.0282086e+01 1.03e-06 1.48e+03  -5.7 1.46e-03    -  4.72e-01 1.00e+00h  1
 321  3.0303916e+01 1.03e-06 7.16e-03  -5.7 1.97e-02    -  1.00e+00 1.00e+00h  1
 322  3.0296794e+01 1.02e-06 2.88e+02  -5.7 9.75e-03    -  8.96e-01 1.00e+00f  1
 323  3.1557169e+01 6.22e-07 9.47e-03  -5.7 1.26e+00    -  1.00e+00 1.00e+00h  1
 324  3.0883193e+01 6.22e-07 1.90e-03  -5.7 6.75e-01    -  1.00e+00 1.00e+00f  1
 325  3.0888587e+01 6.20e-07 1.93e+01  -6.0 6.60e-03    -  9.90e-01 1.00e+00h  1
 326  3.1075629e+01 6.18e-07 5.52e-03  -6.0 1.88e-01    -  1.00e+00 1.00e+00h  1
 327  3.1074298e+01 6.16e-07 5.43e-03  -6.0 7.81e-04    -  1.00e+00 1.00e+00h  1
 328  3.1075114e+01 6.14e-07 5.37e-03  -6.0 2.15e-03    -  1.00e+00 1.00e+00h  1
 329  3.1075865e+01 6.12e-07 5.31e-03  -6.0 2.08e-03    -  1.00e+00 1.00e+00h  1
iter    objective    inf_pr   inf_du lg(mu)  ||d||  lg(rg) alpha_du alpha_pr  ls
 330  3.1076614e+01 6.10e-07 5.26e-03  -6.0 2.07e-03    -  1.00e+00 1.00e+00h  1
 331  3.1077361e+01 6.08e-07 5.20e-03  -6.0 2.05e-03    -  1.00e+00 1.00e+00h  1
 332  3.1078105e+01 6.06e-07 5.15e-03  -6.0 2.04e-03    -  1.00e+00 1.00e+00h  1
 333  3.1078848e+01 6.04e-07 5.10e-03  -6.0 2.03e-03    -  1.00e+00 1.00e+00h  1
 334  3.1079588e+01 6.02e-07 5.04e-03  -6.0 2.02e-03    -  1.00e+00 1.00e+00h  1
 335  3.1080326e+01 6.00e-07 4.99e-03  -6.0 2.01e-03    -  1.00e+00 1.00e+00h  1
 336  3.1081062e+01 5.98e-07 4.94e-03  -6.0 2.00e-03    -  1.00e+00 1.00e+00h  1
 337  3.1081796e+01 5.96e-07 4.89e-03  -6.0 1.98e-03    -  1.00e+00 1.00e+00h  1
 338  3.1082528e+01 5.94e-07 4.84e-03  -6.0 1.97e-03    -  1.00e+00 1.00e+00h  1
 339  3.1083258e+01 5.92e-07 4.79e-03  -6.0 1.96e-03    -  1.00e+00 1.00e+00h  1
iter    objective    inf_pr   inf_du lg(mu)  ||d||  lg(rg) alpha_du alpha_pr  ls
 340  3.1083986e+01 5.90e-07 4.75e-03  -6.0 1.95e-03    -  1.00e+00 1.00e+00h  1
 341  3.1084711e+01 5.88e-07 4.70e-03  -6.0 1.94e-03    -  1.00e+00 1.00e+00h  1
 342  3.1085435e+01 5.86e-07 4.65e-03  -6.0 1.93e-03    -  1.00e+00 1.00e+00h  1
 343  3.1086157e+01 5.84e-07 4.61e-03  -6.0 1.92e-03    -  1.00e+00 1.00e+00h  1
 344  3.1086877e+01 5.82e-07 4.56e-03  -6.0 1.91e-03    -  1.00e+00 1.00e+00h  1
 345  3.1087596e+01 5.80e-07 4.52e-03  -6.0 1.90e-03    -  1.00e+00 1.00e+00h  1
 346  3.1088312e+01 5.79e-07 4.47e-03  -6.0 1.89e-03    -  1.00e+00 1.00e+00h  1
 347  3.1089027e+01 5.77e-07 4.43e-03  -6.0 1.88e-03    -  1.00e+00 1.00e+00h  1
 348  3.1089741e+01 5.75e-07 4.39e-03  -6.0 1.87e-03    -  1.00e+00 1.00e+00h  1
 349  3.1090454e+01 5.73e-07 4.35e-03  -6.0 1.86e-03    -  1.00e+00 1.00e+00h  1
iter    objective    inf_pr   inf_du lg(mu)  ||d||  lg(rg) alpha_du alpha_pr  ls
 350  3.1091165e+01 5.71e-07 4.31e-03  -6.0 1.85e-03    -  1.00e+00 1.00e+00h  1
 351  3.1091876e+01 5.70e-07 4.27e-03  -6.0 1.84e-03    -  1.00e+00 1.00e+00h  1
 352  3.1092588e+01 5.68e-07 4.23e-03  -6.0 1.83e-03    -  1.00e+00 1.00e+00h  1
 353  3.1093302e+01 5.66e-07 4.19e-03  -6.0 1.82e-03    -  1.00e+00 1.00e+00h  1
 354  3.1094021e+01 5.64e-07 4.15e-03  -6.0 1.81e-03    -  1.00e+00 1.00e+00h  1
 355  3.1094753e+01 5.63e-07 4.11e-03  -6.0 1.80e-03    -  1.00e+00 1.00e+00h  1
 356  3.1095518e+01 5.61e-07 4.07e-03  -6.0 1.79e-03    -  1.00e+00 1.00e+00h  1
 357  3.1096405e+01 5.59e-07 4.03e-03  -6.0 1.78e-03    -  1.00e+00 1.00e+00h  1
 358  3.1098301e+01 5.58e-07 8.41e+02  -6.0 1.78e-03    -  5.35e-01 1.00e+00h  1
 359  3.1106774e+01 5.56e-07 3.99e-03  -6.0 7.81e-03    -  1.00e+00 1.00e+00h  1
iter    objective    inf_pr   inf_du lg(mu)  ||d||  lg(rg) alpha_du alpha_pr  ls
 360  3.1103552e+01 5.54e-07 3.94e-03  -6.0 3.89e-03    -  1.00e+00 1.00e+00f  1
 361  3.1104355e+01 5.53e-07 3.91e-03  -6.0 1.75e-03    -  1.00e+00 1.00e+00h  1
 362  3.1105396e+01 5.51e-07 3.87e-03  -6.0 1.75e-03    -  1.00e+00 1.00e+00h  1
 363  3.1106072e+01 5.49e-07 3.84e-03  -6.0 1.74e-03    -  1.00e+00 1.00e+00h  1
 364  3.1106736e+01 5.48e-07 3.80e-03  -6.0 1.73e-03    -  1.00e+00 1.00e+00h  1
 365  3.1107403e+01 5.46e-07 3.77e-03  -6.0 1.72e-03    -  1.00e+00 1.00e+00h  1
 366  3.1108079e+01 5.45e-07 3.74e-03  -6.0 1.71e-03    -  1.00e+00 1.00e+00h  1
 367  3.1108782e+01 5.43e-07 3.70e-03  -6.0 1.70e-03    -  1.00e+00 1.00e+00h  1
 368  3.1109588e+01 5.42e-07 3.67e-03  -6.0 1.69e-03    -  1.00e+00 1.00e+00h  1
 369  3.1111558e+01 5.40e-07 1.08e+03  -6.0 1.69e-03    -  3.82e-01 1.00e+00h  1
iter    objective    inf_pr   inf_du lg(mu)  ||d||  lg(rg) alpha_du alpha_pr  ls
 370  3.1123766e+01 5.38e-07 3.61e-03  -6.0 1.16e-02    -  1.00e+00 1.00e+00h  1
 371  3.1118669e+01 5.37e-07 3.58e-03  -6.0 5.72e-03    -  1.00e+00 1.00e+00f  1
 372  3.1119410e+01 5.35e-07 3.54e-03  -6.0 1.66e-03    -  1.00e+00 1.00e+00h  1
 373  3.1120447e+01 5.34e-07 3.51e-03  -6.0 1.65e-03    -  1.00e+00 1.00e+00h  1
 374  3.1121074e+01 5.32e-07 3.48e-03  -6.0 1.65e-03    -  1.00e+00 1.00e+00h  1
 375  3.1121692e+01 5.31e-07 3.45e-03  -6.0 1.64e-03    -  1.00e+00 1.00e+00h  1
 376  3.1122307e+01 5.30e-07 3.43e-03  -6.0 1.63e-03    -  1.00e+00 1.00e+00h  1
 377  3.1122922e+01 5.28e-07 3.40e-03  -6.0 1.62e-03    -  1.00e+00 1.00e+00h  1
 378  3.1123534e+01 5.27e-07 3.37e-03  -6.0 1.61e-03    -  1.00e+00 1.00e+00h  1
 379  3.1124145e+01 5.25e-07 3.34e-03  -6.0 1.61e-03    -  1.00e+00 1.00e+00h  1
iter    objective    inf_pr   inf_du lg(mu)  ||d||  lg(rg) alpha_du alpha_pr  ls
 380  3.1124754e+01 5.24e-07 3.31e-03  -6.0 1.60e-03    -  1.00e+00 1.00e+00h  1
 381  3.1125362e+01 5.22e-07 3.28e-03  -6.0 1.59e-03    -  1.00e+00 1.00e+00h  1
 382  3.1125968e+01 5.21e-07 3.26e-03  -6.0 1.58e-03    -  1.00e+00 1.00e+00h  1
 383  3.1126572e+01 5.20e-07 3.23e-03  -6.0 1.58e-03    -  1.00e+00 1.00e+00h  1
 384  3.1127175e+01 5.18e-07 3.20e-03  -6.0 1.57e-03    -  1.00e+00 1.00e+00h  1
 385  3.1127776e+01 5.17e-07 3.18e-03  -6.0 1.56e-03    -  1.00e+00 1.00e+00h  1
 386  3.1128376e+01 5.15e-07 3.15e-03  -6.0 1.55e-03    -  1.00e+00 1.00e+00h  1
 387  3.1128974e+01 5.14e-07 3.13e-03  -6.0 1.55e-03    -  1.00e+00 1.00e+00h  1
 388  3.1129571e+01 5.13e-07 3.10e-03  -6.0 1.54e-03    -  1.00e+00 1.00e+00h  1
 389  3.1130166e+01 5.11e-07 3.08e-03  -6.0 1.53e-03    -  1.00e+00 1.00e+00h  1
iter    objective    inf_pr   inf_du lg(mu)  ||d||  lg(rg) alpha_du alpha_pr  ls
 390  3.1130760e+01 5.10e-07 3.05e-03  -6.0 1.53e-03    -  1.00e+00 1.00e+00h  1
 391  3.1131352e+01 5.09e-07 3.03e-03  -6.0 1.52e-03    -  1.00e+00 1.00e+00h  1
 392  3.1131943e+01 5.07e-07 3.00e-03  -6.0 1.51e-03    -  1.00e+00 1.00e+00h  1
 393  3.1132533e+01 5.06e-07 2.98e-03  -6.0 1.51e-03    -  1.00e+00 1.00e+00h  1
 394  3.1133122e+01 5.05e-07 2.96e-03  -6.0 1.50e-03    -  1.00e+00 1.00e+00h  1
 395  3.1133710e+01 5.03e-07 2.93e-03  -6.0 1.49e-03    -  1.00e+00 1.00e+00h  1
 396  3.1134297e+01 5.02e-07 2.91e-03  -6.0 1.49e-03    -  1.00e+00 1.00e+00h  1
 397  3.1134884e+01 5.01e-07 2.89e-03  -6.0 1.48e-03    -  1.00e+00 1.00e+00h  1
 398  3.1135471e+01 5.00e-07 2.87e-03  -6.0 1.47e-03    -  1.00e+00 1.00e+00h  1
 399  3.1136059e+01 4.98e-07 2.84e-03  -6.0 1.47e-03    -  1.00e+00 1.00e+00h  1
iter    objective    inf_pr   inf_du lg(mu)  ||d||  lg(rg) alpha_du alpha_pr  ls
 400  3.1136650e+01 4.97e-07 2.82e-03  -6.0 1.46e-03    -  1.00e+00 1.00e+00h  1
 401  3.1137246e+01 4.96e-07 2.80e-03  -6.0 1.45e-03    -  1.00e+00 1.00e+00h  1
 402  3.1137856e+01 4.95e-07 2.78e-03  -6.0 1.45e-03    -  1.00e+00 1.00e+00h  1
 403  3.1138498e+01 4.93e-07 2.76e-03  -6.0 1.44e-03    -  1.00e+00 1.00e+00h  1
 404  3.1139246e+01 4.92e-07 2.74e-03  -6.0 1.43e-03    -  1.00e+00 1.00e+00h  1
 405  3.1140617e+01 4.91e-07 3.62e+02  -6.0 1.43e-03    -  7.72e-01 1.00e+00h  1
 406  3.1146008e+01 4.90e-07 2.67e-03  -6.0 4.85e-03    -  1.00e+00 1.00e+00h  1
 407  3.1144101e+01 4.89e-07 2.66e-03  -6.0 2.46e-03    -  1.00e+00 1.00e+00h  1
 408  3.1144781e+01 4.87e-07 2.64e-03  -6.0 1.40e-03    -  1.00e+00 1.00e+00h  1
 409  3.1145679e+01 4.86e-07 2.62e-03  -6.0 1.40e-03    -  1.00e+00 1.00e+00h  1
iter    objective    inf_pr   inf_du lg(mu)  ||d||  lg(rg) alpha_du alpha_pr  ls
 410  3.1146249e+01 4.85e-07 2.60e-03  -6.0 1.39e-03    -  1.00e+00 1.00e+00h  1
 411  3.1146792e+01 4.84e-07 2.58e-03  -6.0 1.38e-03    -  1.00e+00 1.00e+00h  1
 412  3.1147334e+01 4.83e-07 2.56e-03  -6.0 1.38e-03    -  1.00e+00 1.00e+00h  1
 413  3.1147875e+01 4.82e-07 2.54e-03  -6.0 1.37e-03    -  1.00e+00 1.00e+00h  1
 414  3.1148414e+01 4.80e-07 2.53e-03  -6.0 1.37e-03    -  1.00e+00 1.00e+00h  1
 415  3.1148952e+01 4.79e-07 2.51e-03  -6.0 1.36e-03    -  1.00e+00 1.00e+00h  1
 416  3.1149488e+01 4.78e-07 2.49e-03  -6.0 1.36e-03    -  1.00e+00 1.00e+00h  1
 417  3.1150023e+01 4.77e-07 2.47e-03  -6.0 1.35e-03    -  1.00e+00 1.00e+00h  1
 418  3.1150557e+01 4.76e-07 2.45e-03  -6.0 1.34e-03    -  1.00e+00 1.00e+00h  1
 419  3.1151089e+01 4.75e-07 2.44e-03  -6.0 1.34e-03    -  1.00e+00 1.00e+00h  1
iter    objective    inf_pr   inf_du lg(mu)  ||d||  lg(rg) alpha_du alpha_pr  ls
 420  3.1151620e+01 4.74e-07 2.42e-03  -6.0 1.33e-03    -  1.00e+00 1.00e+00h  1
 421  3.1152149e+01 4.73e-07 2.40e-03  -6.0 1.33e-03    -  1.00e+00 1.00e+00h  1
 422  3.1152678e+01 4.72e-07 2.39e-03  -6.0 1.32e-03    -  1.00e+00 1.00e+00h  1
 423  3.1153204e+01 4.71e-07 2.37e-03  -6.0 1.32e-03    -  1.00e+00 1.00e+00h  1
 424  3.1153730e+01 4.69e-07 2.35e-03  -6.0 1.31e-03    -  1.00e+00 1.00e+00h  1
 425  3.1154254e+01 4.68e-07 2.34e-03  -6.0 1.31e-03    -  1.00e+00 1.00e+00h  1
 426  3.1154777e+01 4.67e-07 2.32e-03  -6.0 1.30e-03    -  1.00e+00 1.00e+00h  1
 427  3.1155298e+01 4.66e-07 2.30e-03  -6.0 1.30e-03    -  1.00e+00 1.00e+00h  1
 428  3.1155818e+01 4.65e-07 2.29e-03  -6.0 1.29e-03    -  1.00e+00 1.00e+00h  1
 429  3.1156337e+01 4.64e-07 2.27e-03  -6.0 1.29e-03    -  1.00e+00 1.00e+00h  1
iter    objective    inf_pr   inf_du lg(mu)  ||d||  lg(rg) alpha_du alpha_pr  ls
 430  3.1156855e+01 4.63e-07 2.26e-03  -6.0 1.28e-03    -  1.00e+00 1.00e+00h  1
 431  3.1157371e+01 4.62e-07 2.24e-03  -6.0 1.28e-03    -  1.00e+00 1.00e+00h  1
 432  3.1157886e+01 4.61e-07 2.23e-03  -6.0 1.27e-03    -  1.00e+00 1.00e+00h  1
 433  3.1158400e+01 4.60e-07 2.21e-03  -6.0 1.27e-03    -  1.00e+00 1.00e+00h  1
 434  3.1158912e+01 4.59e-07 2.20e-03  -6.0 1.26e-03    -  1.00e+00 1.00e+00h  1
 435  3.1159423e+01 4.58e-07 2.18e-03  -6.0 1.26e-03    -  1.00e+00 1.00e+00h  1
 436  3.1159933e+01 4.57e-07 2.17e-03  -6.0 1.25e-03    -  1.00e+00 1.00e+00h  1
 437  3.1160441e+01 4.56e-07 2.15e-03  -6.0 1.25e-03    -  1.00e+00 1.00e+00h  1
 438  3.1160949e+01 4.55e-07 2.14e-03  -6.0 1.24e-03    -  1.00e+00 1.00e+00h  1
 439  3.1161455e+01 4.54e-07 2.12e-03  -6.0 1.24e-03    -  1.00e+00 1.00e+00h  1
iter    objective    inf_pr   inf_du lg(mu)  ||d||  lg(rg) alpha_du alpha_pr  ls
 440  3.1161960e+01 4.53e-07 2.11e-03  -6.0 1.23e-03    -  1.00e+00 1.00e+00h  1
 441  3.1162463e+01 4.52e-07 2.10e-03  -6.0 1.23e-03    -  1.00e+00 1.00e+00h  1
 442  3.1162966e+01 4.51e-07 2.08e-03  -6.0 1.22e-03    -  1.00e+00 1.00e+00h  1
 443  3.1163467e+01 4.50e-07 2.07e-03  -6.0 1.22e-03    -  1.00e+00 1.00e+00h  1
 444  3.1163967e+01 4.49e-07 2.06e-03  -6.0 1.21e-03    -  1.00e+00 1.00e+00h  1
 445  3.1164465e+01 4.48e-07 2.04e-03  -6.0 1.21e-03    -  1.00e+00 1.00e+00h  1
 446  3.1164963e+01 4.47e-07 2.03e-03  -6.0 1.20e-03    -  1.00e+00 1.00e+00h  1
 447  3.1165459e+01 4.46e-07 2.02e-03  -6.0 1.20e-03    -  1.00e+00 1.00e+00h  1
 448  3.1165954e+01 4.45e-07 2.00e-03  -6.0 1.20e-03    -  1.00e+00 1.00e+00h  1
 449  3.1166448e+01 4.45e-07 1.99e-03  -6.0 1.19e-03    -  1.00e+00 1.00e+00h  1
iter    objective    inf_pr   inf_du lg(mu)  ||d||  lg(rg) alpha_du alpha_pr  ls
 450  3.1166940e+01 4.44e-07 1.98e-03  -6.0 1.19e-03    -  1.00e+00 1.00e+00h  1
 451  3.1167432e+01 4.43e-07 1.96e-03  -6.0 1.18e-03    -  1.00e+00 1.00e+00h  1
 452  3.1167922e+01 4.42e-07 1.95e-03  -6.0 1.18e-03    -  1.00e+00 1.00e+00h  1
 453  3.1168411e+01 4.41e-07 1.94e-03  -6.0 1.17e-03    -  1.00e+00 1.00e+00h  1
 454  3.1168899e+01 4.40e-07 1.93e-03  -6.0 1.17e-03    -  1.00e+00 1.00e+00h  1
 455  3.1169386e+01 4.39e-07 1.92e-03  -6.0 1.16e-03    -  1.00e+00 1.00e+00h  1
 456  3.1169871e+01 4.38e-07 1.90e-03  -6.0 1.16e-03    -  1.00e+00 1.00e+00h  1
 457  3.1170356e+01 4.37e-07 1.89e-03  -6.0 1.16e-03    -  1.00e+00 1.00e+00h  1
 458  3.1170839e+01 4.36e-07 1.88e-03  -6.0 1.15e-03    -  1.00e+00 1.00e+00h  1
 459  3.1171321e+01 4.36e-07 1.87e-03  -6.0 1.15e-03    -  1.00e+00 1.00e+00h  1
iter    objective    inf_pr   inf_du lg(mu)  ||d||  lg(rg) alpha_du alpha_pr  ls
 460  3.1171802e+01 4.35e-07 1.86e-03  -6.0 1.14e-03    -  1.00e+00 1.00e+00h  1
 461  3.1172282e+01 4.34e-07 1.85e-03  -6.0 1.14e-03    -  1.00e+00 1.00e+00h  1
 462  3.1172761e+01 4.33e-07 1.83e-03  -6.0 1.14e-03    -  1.00e+00 1.00e+00h  1
 463  3.1173238e+01 4.32e-07 1.82e-03  -6.0 1.13e-03    -  1.00e+00 1.00e+00h  1
 464  3.1173715e+01 4.31e-07 1.81e-03  -6.0 1.13e-03    -  1.00e+00 1.00e+00h  1
 465  3.1174190e+01 4.30e-07 1.80e-03  -6.0 1.12e-03    -  1.00e+00 1.00e+00h  1
 466  3.1174665e+01 4.29e-07 1.79e-03  -6.0 1.12e-03    -  1.00e+00 1.00e+00h  1
 467  3.1175138e+01 4.29e-07 1.78e-03  -6.0 1.12e-03    -  1.00e+00 1.00e+00h  1
 468  3.1175610e+01 4.28e-07 1.77e-03  -6.0 1.11e-03    -  1.00e+00 1.00e+00h  1
 469  3.1176081e+01 4.27e-07 1.76e-03  -6.0 1.11e-03    -  1.00e+00 1.00e+00h  1
iter    objective    inf_pr   inf_du lg(mu)  ||d||  lg(rg) alpha_du alpha_pr  ls
 470  3.1176551e+01 4.26e-07 1.75e-03  -6.0 1.10e-03    -  1.00e+00 1.00e+00h  1
 471  3.1177019e+01 4.25e-07 1.74e-03  -6.0 1.10e-03    -  1.00e+00 1.00e+00h  1
 472  3.1177487e+01 4.24e-07 1.73e-03  -6.0 1.10e-03    -  1.00e+00 1.00e+00h  1
 473  3.1177954e+01 4.24e-07 1.72e-03  -6.0 1.09e-03    -  1.00e+00 1.00e+00h  1
 474  3.1178419e+01 4.23e-07 1.71e-03  -6.0 1.09e-03    -  1.00e+00 1.00e+00h  1
 475  3.1178884e+01 4.22e-07 1.69e-03  -6.0 1.08e-03    -  1.00e+00 1.00e+00h  1
 476  3.1179347e+01 4.21e-07 1.68e-03  -6.0 1.08e-03    -  1.00e+00 1.00e+00h  1
 477  3.1179809e+01 4.20e-07 1.67e-03  -6.0 1.08e-03    -  1.00e+00 1.00e+00h  1
 478  3.1180271e+01 4.20e-07 1.67e-03  -6.0 1.07e-03    -  1.00e+00 1.00e+00h  1
 479  3.1180731e+01 4.19e-07 1.66e-03  -6.0 1.07e-03    -  1.00e+00 1.00e+00h  1
iter    objective    inf_pr   inf_du lg(mu)  ||d||  lg(rg) alpha_du alpha_pr  ls
 480  3.1181190e+01 4.18e-07 1.65e-03  -6.0 1.07e-03    -  1.00e+00 1.00e+00h  1
 481  3.1181648e+01 4.17e-07 1.64e-03  -6.0 1.06e-03    -  1.00e+00 1.00e+00h  1
 482  3.1182105e+01 4.16e-07 1.63e-03  -6.0 1.06e-03    -  1.00e+00 1.00e+00h  1
 483  3.1182561e+01 4.16e-07 1.62e-03  -6.0 1.06e-03    -  1.00e+00 1.00e+00h  1
 484  3.1183017e+01 4.15e-07 1.61e-03  -6.0 1.05e-03    -  1.00e+00 1.00e+00h  1
 485  3.1183471e+01 4.14e-07 1.60e-03  -6.0 1.05e-03    -  1.00e+00 1.00e+00h  1
 486  3.1183924e+01 4.13e-07 1.59e-03  -6.0 1.04e-03    -  1.00e+00 1.00e+00h  1
 487  3.1184376e+01 4.12e-07 1.58e-03  -6.0 1.04e-03    -  1.00e+00 1.00e+00h  1

Number of Iterations....: 487

                                   (scaled)                 (unscaled)
Objective...............:   3.1184375526528946e+01    3.1184375526528946e+01
Dual infeasibility......:   1.5803591206877230e-03    1.5803591206877230e-03
Constraint violation....:   4.1246638684058756e-07    4.1246638684058756e-07
Variable bound violation:   0.0000000000000000e+00    0.0000000000000000e+00
Complementarity.........:   9.0910002546060020e-07    9.0910002546060020e-07
Overall NLP error.......:   9.9911926995236553e-06    1.5803591206877230e-03


Number of objective function evaluations             = 533
Number of objective gradient evaluations             = 481
Number of equality constraint evaluations            = 533
Number of inequality constraint evaluations          = 533
Number of equality constraint Jacobian evaluations   = 493
Number of inequality constraint Jacobian evaluations = 493
Number of Lagrangian Hessian evaluations             = 487
Total seconds in IPOPT                               = 0.593

EXIT: Optimal Solution Found.
